Copyright 1986-2022 Xilinx, Inc. All Rights Reserved. Copyright 2022-2024 Advanced Micro Devices, Inc. All Rights Reserved.
-----------------------------------------------------------------------------------------------------------------------------------------------
| Tool Version : Vivado v.2024.1 (win64) Build 5076996 Wed May 22 18:37:14 MDT 2024
| Date         : Fri Dec 13 09:45:31 2024
| Host         : LAPTOP-7364E6GV running 64-bit major release  (build 9200)
| Command      : report_utilization -file CUSTOM_AXIS_IP_RM_wrapper_utilization_placed.rpt -pb CUSTOM_AXIS_IP_RM_wrapper_utilization_placed.pb
| Design       : CUSTOM_AXIS_IP_RM_wrapper
| Device       : xck26-sfvc784-2LV-c
| Speed File   : -2LV
| Design State : Fully Placed
-----------------------------------------------------------------------------------------------------------------------------------------------

Utilization Design Information

Table of Contents
-----------------
1. CLB Logic
1.1 Summary of Registers by Type
2. CLB Logic Distribution
3. BLOCKRAM
4. ARITHMETIC
5. I/O
6. CLOCK
7. ADVANCED
8. CONFIGURATION
9. Primitives
10. Black Boxes
11. Instantiated Netlists

1. CLB Logic
------------

+----------------------------+------+-------+------------+-----------+-------+
|          Site Type         | Used | Fixed | Prohibited | Available | Util% |
+----------------------------+------+-------+------------+-----------+-------+
| CLB LUTs                   | 6787 |     0 |          0 |    117120 |  5.79 |
|   LUT as Logic             | 5872 |     0 |          0 |    117120 |  5.01 |
|   LUT as Memory            |  915 |     0 |          0 |     57600 |  1.59 |
|     LUT as Distributed RAM |  678 |     0 |            |           |       |
|     LUT as Shift Register  |  237 |     0 |            |           |       |
| CLB Registers              | 8626 |     0 |          0 |    234240 |  3.68 |
|   Register as Flip Flop    | 8626 |     0 |          0 |    234240 |  3.68 |
|   Register as Latch        |    0 |     0 |          0 |    234240 |  0.00 |
| CARRY8                     |  179 |     0 |          0 |     14640 |  1.22 |
| F7 Muxes                   |    0 |     0 |          0 |     58560 |  0.00 |
| F8 Muxes                   |    0 |     0 |          0 |     29280 |  0.00 |
| F9 Muxes                   |    0 |     0 |          0 |     14640 |  0.00 |
+----------------------------+------+-------+------------+-----------+-------+
* Warning! LUT value is adjusted to account for LUT combining.


1.1 Summary of Registers by Type
--------------------------------

+-------+--------------+-------------+--------------+
| Total | Clock Enable | Synchronous | Asynchronous |
+-------+--------------+-------------+--------------+
| 0     |            _ |           - |            - |
| 0     |            _ |           - |          Set |
| 0     |            _ |           - |        Reset |
| 0     |            _ |         Set |            - |
| 0     |            _ |       Reset |            - |
| 0     |          Yes |           - |            - |
| 66    |          Yes |           - |          Set |
| 189   |          Yes |           - |        Reset |
| 241   |          Yes |         Set |            - |
| 8130  |          Yes |       Reset |            - |
+-------+--------------+-------------+--------------+


2. CLB Logic Distribution
-------------------------

+--------------------------------------------+------+-------+------------+-----------+-------+
|                  Site Type                 | Used | Fixed | Prohibited | Available | Util% |
+--------------------------------------------+------+-------+------------+-----------+-------+
| CLB                                        | 1388 |     0 |          0 |     14640 |  9.48 |
|   CLBL                                     |  557 |     0 |            |           |       |
|   CLBM                                     |  831 |     0 |            |           |       |
| LUT as Logic                               | 5872 |     0 |          0 |    117120 |  5.01 |
|   using O5 output only                     |  281 |       |            |           |       |
|   using O6 output only                     | 3981 |       |            |           |       |
|   using O5 and O6                          | 1610 |       |            |           |       |
| LUT as Memory                              |  915 |     0 |          0 |     57600 |  1.59 |
|   LUT as Distributed RAM                   |  678 |     0 |            |           |       |
|     using O5 output only                   |    0 |       |            |           |       |
|     using O6 output only                   |   10 |       |            |           |       |
|     using O5 and O6                        |  668 |       |            |           |       |
|   LUT as Shift Register                    |  237 |     0 |            |           |       |
|     using O5 output only                   |    0 |       |            |           |       |
|     using O6 output only                   |  175 |       |            |           |       |
|     using O5 and O6                        |   62 |       |            |           |       |
| CLB Registers                              | 8626 |     0 |          0 |    234240 |  3.68 |
|   Register driven from within the CLB      | 4795 |       |            |           |       |
|   Register driven from outside the CLB     | 3831 |       |            |           |       |
|     LUT in front of the register is unused | 2656 |       |            |           |       |
|     LUT in front of the register is used   | 1175 |       |            |           |       |
| Unique Control Sets                        |  439 |       |          0 |     29280 |  1.50 |
+--------------------------------------------+------+-------+------------+-----------+-------+
* * Note: Available Control Sets calculated as Slices * 2, Review the Control Sets Report for more information regarding control sets.


3. BLOCKRAM
-----------

+-------------------+------+-------+------------+-----------+-------+
|     Site Type     | Used | Fixed | Prohibited | Available | Util% |
+-------------------+------+-------+------------+-----------+-------+
| Block RAM Tile    |    2 |     0 |          0 |       144 |  1.39 |
|   RAMB36/FIFO*    |    2 |     0 |          0 |       144 |  1.39 |
|     RAMB36E2 only |    2 |       |            |           |       |
|   RAMB18          |    0 |     0 |          0 |       288 |  0.00 |
| URAM              |    1 |     0 |          0 |        64 |  1.56 |
+-------------------+------+-------+------------+-----------+-------+
* Note: Each Block RAM Tile only has one FIFO logic available and therefore can accommodate only one FIFO36E2 or one FIFO18E2. However, if a FIFO18E2 occupies a Block RAM Tile, that tile can still accommodate a RAMB18E2


4. ARITHMETIC
-------------

+----------------+------+-------+------------+-----------+-------+
|    Site Type   | Used | Fixed | Prohibited | Available | Util% |
+----------------+------+-------+------------+-----------+-------+
| DSPs           |    2 |     0 |          0 |      1248 |  0.16 |
|   DSP48E2 only |    2 |       |            |           |       |
+----------------+------+-------+------------+-----------+-------+


5. I/O
------

+------------------+------+-------+------------+-----------+-------+
|     Site Type    | Used | Fixed | Prohibited | Available | Util% |
+------------------+------+-------+------------+-----------+-------+
| Bonded IOB       |    0 |     0 |          0 |       189 |  0.00 |
| HPIOB_M          |    0 |     0 |          0 |        58 |  0.00 |
| HPIOB_S          |    0 |     0 |          0 |        58 |  0.00 |
| HDIOB_M          |    0 |     0 |          0 |        35 |  0.00 |
| HDIOB_S          |    0 |     0 |          0 |        35 |  0.00 |
| HPIOB_SNGL       |    0 |     0 |          0 |         3 |  0.00 |
| HPIOBDIFFINBUF   |    0 |     0 |          0 |        82 |  0.00 |
| HPIOBDIFFOUTBUF  |    0 |     0 |          0 |        82 |  0.00 |
| HDIOBDIFFINBUF   |    0 |     0 |          0 |        35 |  0.00 |
| BITSLICE_CONTROL |    0 |     0 |          0 |        32 |  0.00 |
| BITSLICE_RX_TX   |    0 |     0 |          0 |      1248 |  0.00 |
| BITSLICE_TX      |    0 |     0 |          0 |        32 |  0.00 |
| RIU_OR           |    0 |     0 |          0 |        16 |  0.00 |
+------------------+------+-------+------------+-----------+-------+


6. CLOCK
--------

+------------+------+-------+------------+-----------+-------+
|  Site Type | Used | Fixed | Prohibited | Available | Util% |
+------------+------+-------+------------+-----------+-------+
| BUFGCE     |    0 |     0 |          0 |       112 |  0.00 |
| BUFGCE_DIV |    0 |     0 |          0 |        16 |  0.00 |
| BUFG_GT    |    0 |     0 |          0 |        96 |  0.00 |
| BUFG_PS    |    1 |     0 |          0 |        96 |  1.04 |
| BUFGCTRL*  |    0 |     0 |          0 |        32 |  0.00 |
| PLL        |    0 |     0 |          0 |         8 |  0.00 |
| MMCM       |    0 |     0 |          0 |         4 |  0.00 |
+------------+------+-------+------------+-----------+-------+
* Note: Each used BUFGCTRL counts as two GLOBAL CLOCK BUFFERs. This table does not include global clocking resources, only buffer cell usage. See the Clock Utilization Report (report_clock_utilization) for detailed accounting of global clocking resource availability.


7. ADVANCED
-----------

+-----------------+------+-------+------------+-----------+--------+
|    Site Type    | Used | Fixed | Prohibited | Available |  Util% |
+-----------------+------+-------+------------+-----------+--------+
| GTHE4_CHANNEL   |    0 |     0 |          0 |         4 |   0.00 |
| GTHE4_COMMON    |    0 |     0 |          0 |         1 |   0.00 |
| OBUFDS_GTE4     |    0 |     0 |          0 |         2 |   0.00 |
| OBUFDS_GTE4_ADV |    0 |     0 |          0 |         2 |   0.00 |
| PCIE40E4        |    0 |     0 |          0 |         2 |   0.00 |
| PS8             |    1 |     0 |          0 |         1 | 100.00 |
| SYSMONE4        |    0 |     0 |          0 |         1 |   0.00 |
| VCU             |    0 |     0 |          0 |         1 |   0.00 |
+-----------------+------+-------+------------+-----------+--------+


8. CONFIGURATION
----------------

+-------------+------+-------+------------+-----------+-------+
|  Site Type  | Used | Fixed | Prohibited | Available | Util% |
+-------------+------+-------+------------+-----------+-------+
| BSCANE2     |    0 |     0 |          0 |         4 |  0.00 |
| DNA_PORTE2  |    0 |     0 |          0 |         1 |  0.00 |
| EFUSE_USR   |    0 |     0 |          0 |         1 |  0.00 |
| FRAME_ECCE4 |    0 |     0 |          0 |         1 |  0.00 |
| ICAPE3      |    0 |     0 |          0 |         2 |  0.00 |
| MASTER_JTAG |    0 |     0 |          0 |         1 |  0.00 |
| STARTUPE3   |    0 |     0 |          0 |         1 |  0.00 |
+-------------+------+-------+------------+-----------+-------+


9. Primitives
-------------

+----------+------+---------------------+
| Ref Name | Used | Functional Category |
+----------+------+---------------------+
| FDRE     | 8130 |            Register |
| LUT3     | 2315 |                 CLB |
| LUT6     | 1933 |                 CLB |
| LUT5     | 1376 |                 CLB |
| RAMD32   | 1176 |                 CLB |
| LUT4     |  930 |                 CLB |
| LUT2     |  693 |                 CLB |
| FDSE     |  241 |            Register |
| LUT1     |  235 |                 CLB |
| SRL16E   |  229 |                 CLB |
| FDCE     |  189 |            Register |
| CARRY8   |  179 |                 CLB |
| RAMS32   |  170 |                 CLB |
| SRLC32E  |   70 |                 CLB |
| FDPE     |   66 |            Register |
| RAMB36E2 |    2 |            BLOCKRAM |
| DSP48E2  |    2 |          Arithmetic |
| URAM288  |    1 |            BLOCKRAM |
| PS8      |    1 |            Advanced |
| BUFG_PS  |    1 |               Clock |
+----------+------+---------------------+


10. Black Boxes
---------------

+----------+------+
| Ref Name | Used |
+----------+------+


11. Instantiated Netlists
-------------------------

+----------+------+
| Ref Name | Used |
+----------+------+


